<?xml version="1.0" encoding="UTF-8"?>
<!-- Generated by org.testng.reporters.JUnitReportReporter -->
<testsuite hostname="ESKW190662" failures="0" tests="1" name="testNg_Group.Test2" time="0.001" errors="0" timestamp="2023-09-01T19:19:42 IST" skipped="0">
  <testcase classname="testNg_Group.Test2" name="sample4" time="0.001"/>
</testsuite> <!-- testNg_Group.Test2 -->
