<?xml version="1.0" encoding="UTF-8"?>
<!-- Generated by org.testng.reporters.JUnitReportReporter -->
<testsuite hostname="ESKW190662" failures="0" tests="2" name="testNG.TestNg_Assertions" time="8.360" errors="0" timestamp="2023-09-02T19:33:24 IST" skipped="0">
  <testcase classname="testNG.TestNg_Assertions" name="simple" time="0.003"/>
  <testcase classname="testNG.TestNg_Assertions" name="assertion" time="8.357"/>
</testsuite> <!-- testNG.TestNg_Assertions -->
