<?xml version="1.0" encoding="UTF-8"?>
<!-- Generated by org.testng.reporters.JUnitReportReporter -->
<testsuite hostname="ESKW190662" failures="0" tests="2" name="testNg_Annotations.Annotations" time="22.688" errors="0" timestamp="2023-09-01T20:23:07 IST" skipped="0">
  <testcase classname="testNg_Annotations.Annotations" name="fb" time="11.324"/>
  <testcase classname="testNg_Annotations.Annotations" name="amazon" time="11.364"/>
</testsuite> <!-- testNg_Annotations.Annotations -->
