<?xml version="1.0" encoding="UTF-8"?>
<!-- Generated by org.testng.reporters.JUnitReportReporter -->
<testsuite hostname="ESKW190662" failures="0" tests="1" name="testNg_Fail.Amazon" time="5.754" errors="0" timestamp="2023-09-02T19:58:41 IST" skipped="0">
  <testcase classname="testNg_Fail.Amazon" name="fail" time="5.754"/>
</testsuite> <!-- testNg_Fail.Amazon -->
