<?xml version="1.0" encoding="UTF-8"?>
<!-- Generated by org.testng.reporters.JUnitReportReporter -->
<testsuite hostname="ESKW190662" failures="0" tests="1" name="testNg_Sequential.Fb_Sequential" time="11.722" errors="0" timestamp="2023-09-01T19:34:32 IST" skipped="0">
  <testcase classname="testNg_Sequential.Fb_Sequential" name="fb" time="11.722"/>
</testsuite> <!-- testNg_Sequential.Fb_Sequential -->
