<?xml version="1.0" encoding="UTF-8"?>
<!-- Generated by org.testng.reporters.JUnitReportReporter -->
<testsuite hostname="ESKW190662" failures="0" tests="1" name="tetNg_Parallel.Fb_Sequential" time="12.116" errors="0" timestamp="2023-09-01T19:41:24 IST" skipped="0">
  <testcase classname="tetNg_Parallel.Fb_Sequential" name="fb" time="12.116"/>
</testsuite> <!-- tetNg_Parallel.Fb_Sequential -->
