<?xml version="1.0" encoding="UTF-8"?>
<!-- Generated by org.testng.reporters.JUnitReportReporter -->
<testsuite hostname="ESKW190662" failures="0" tests="4" name="testNg_Annotations.Annotation_General" time="0.019" errors="0" timestamp="2023-09-01T20:58:57 IST" skipped="0">
  <testcase classname="testNg_Annotations.Annotation_General" name="test1" time="0.003"/>
  <testcase classname="testNg_Annotations.Annotation_General" name="test" time="0.012"/>
  <testcase classname="testNg_Annotations.Annotation_General" name="test1" time="0.001"/>
  <testcase classname="testNg_Annotations.Annotation_General" name="test" time="0.003"/>
</testsuite> <!-- testNg_Annotations.Annotation_General -->
