<?xml version="1.0" encoding="UTF-8"?>
<!-- Generated by org.testng.reporters.JUnitReportReporter -->
<testsuite hostname="ESKW190662" failures="0" tests="2" name="tetNg_Parallel.TestNg_CrossBrowser" time="22.335" errors="0" timestamp="2023-09-01T19:57:51 IST" skipped="0">
  <testcase classname="tetNg_Parallel.TestNg_CrossBrowser" name="fb" time="12.016"/>
  <testcase classname="tetNg_Parallel.TestNg_CrossBrowser" name="fb" time="10.319"/>
</testsuite> <!-- tetNg_Parallel.TestNg_CrossBrowser -->
