<?xml version="1.0" encoding="UTF-8"?>
<!-- Generated by org.testng.reporters.JUnitReportReporter -->
<testsuite hostname="ESKW190662" failures="0" tests="1" name="testNg_Fail.Facebook" time="6.575" errors="0" timestamp="2023-09-02T20:00:47 IST" skipped="0">
  <testcase classname="testNg_Fail.Facebook" name="fail" time="6.575"/>
</testsuite> <!-- testNg_Fail.Facebook -->
