<?xml version="1.0" encoding="UTF-8"?>
<!-- Generated by org.testng.reporters.JUnitReportReporter -->
<testsuite hostname="ESKW190662" failures="0" tests="7" name="testNG.Priority_Invocation" time="0.019" errors="0" timestamp="2023-08-31T19:58:18 IST" skipped="1">
  <testcase classname="testNG.Priority_Invocation" name="demo3" time="0.014"/>
  <system-out/>
  <testcase classname="testNG.Priority_Invocation" name="demo2" time="0.001"/>
  <system-out/>
  <testcase classname="testNG.Priority_Invocation" name="demo2" time="0.001"/>
  <system-out/>
  <testcase classname="testNG.Priority_Invocation" name="demo2" time="0.001"/>
  <system-out/>
  <testcase classname="testNG.Priority_Invocation" name="demo2" time="0.001"/>
  <system-out/>
  <testcase classname="testNG.Priority_Invocation" name="demo2" time="0.001"/>
  <system-out/>
  <testcase classname="testNG.Priority_Invocation" name="demo1">
    <skipped/>
  </testcase> <!-- demo1 -->
  <system-out/>
</testsuite> <!-- testNG.Priority_Invocation -->
