<?xml version="1.0" encoding="UTF-8"?>
<!-- Generated by org.testng.reporters.JUnitReportReporter -->
<testsuite hostname="ESKW190662" failures="0" tests="1" name="testNg_Sequential.Amazon_Sequential" time="26.278" errors="0" timestamp="2023-09-01T19:34:32 IST" skipped="0">
  <testcase classname="testNg_Sequential.Amazon_Sequential" name="amazon" time="26.278"/>
</testsuite> <!-- testNg_Sequential.Amazon_Sequential -->
